<?xml version="1.0" encoding="UTF-8"?>
<testsuite name="com.epam.lab.lapitski.util.StringUtilsTest" tests="3" skipped="0" failures="0" errors="0" timestamp="2022-03-24T10:20:39" hostname="YURY" time="0.079">
  <properties/>
  <testcase name="isPositiveNumberTrue()" classname="com.epam.lab.lapitski.util.StringUtilsTest" time="0.074"/>
  <testcase name="isPositiveNumberException()" classname="com.epam.lab.lapitski.util.StringUtilsTest" time="0.001"/>
  <testcase name="isPositiveNumberFalse()" classname="com.epam.lab.lapitski.util.StringUtilsTest" time="0.002"/>
  <system-out><![CDATA[]]></system-out>
  <system-err><![CDATA[]]></system-err>
</testsuite>
