<?xml version="1.0" encoding="UTF-8"?>
<testsuite xmlns:xsi="http://www.w3.org/2001/XMLSchema-instance" xsi:noNamespaceSchemaLocation="https://maven.apache.org/surefire/maven-surefire-plugin/xsd/surefire-test-report.xsd" name="com.epam.esm.service.validator.impl.TagValidatorImplTest" time="0.001" tests="3" errors="0" skipped="0" failures="0">
  <properties>
    <property name="sun.desktop" value="windows"/>
    <property name="awt.toolkit" value="sun.awt.windows.WToolkit"/>
    <property name="file.encoding.pkg" value="sun.io"/>
    <property name="java.specification.version" value="1.8"/>
    <property name="sun.cpu.isalist" value="amd64"/>
    <property name="sun.jnu.encoding" value="Cp1251"/>
    <property name="java.class.path" value="D:\IdeaProjects\epam-lab\module2\service\target\test-classes;D:\IdeaProjects\epam-lab\module2\service\target\classes;D:\IdeaProjects\epam-lab\module2\repository\target\repository-1.0.0.jar;D:\IdeaProjects\epam-lab\module2\model\target\model-1.0.0.jar;C:\Users\ПК\.m2\repository\org\projectlombok\lombok\1.18.22\lombok-1.18.22.jar;C:\Users\ПК\.m2\repository\com\fasterxml\jackson\core\jackson-annotations\2.10.0.pr3\jackson-annotations-2.10.0.pr3.jar;C:\Users\ПК\.m2\repository\org\springframework\spring-jdbc\5.3.18\spring-jdbc-5.3.18.jar;C:\Users\ПК\.m2\repository\org\springframework\spring-tx\5.3.18\spring-tx-5.3.18.jar;C:\Users\ПК\.m2\repository\mysql\mysql-connector-java\8.0.28\mysql-connector-java-8.0.28.jar;C:\Users\ПК\.m2\repository\com\google\protobuf\protobuf-java\3.11.4\protobuf-java-3.11.4.jar;C:\Users\ПК\.m2\repository\com\zaxxer\HikariCP\4.0.3\HikariCP-4.0.3.jar;C:\Users\ПК\.m2\repository\org\slf4j\slf4j-api\1.7.30\slf4j-api-1.7.30.jar;C:\Users\ПК\.m2\repository\org\apache\maven\plugins\maven-project-info-reports-plugin\3.2.2\maven-project-info-reports-plugin-3.2.2.jar;C:\Users\ПК\.m2\repository\org\apache\maven\reporting\maven-reporting-api\3.1.0\maven-reporting-api-3.1.0.jar;C:\Users\ПК\.m2\repository\org\apache\maven\reporting\maven-reporting-impl\3.1.0\maven-reporting-impl-3.1.0.jar;C:\Users\ПК\.m2\repository\org\apache\maven\maven-artifact\3.0\maven-artifact-3.0.jar;C:\Users\ПК\.m2\repository\org\apache\maven\maven-core\3.0\maven-core-3.0.jar;C:\Users\ПК\.m2\repository\org\apache\maven\maven-settings-builder\3.0\maven-settings-builder-3.0.jar;C:\Users\ПК\.m2\repository\org\apache\maven\maven-model-builder\3.0\maven-model-builder-3.0.jar;C:\Users\ПК\.m2\repository\org\apache\maven\maven-aether-provider\3.0\maven-aether-provider-3.0.jar;C:\Users\ПК\.m2\repository\org\sonatype\aether\aether-impl\1.7\aether-impl-1.7.jar;C:\Users\ПК\.m2\repository\org\sonatype\aether\aether-spi\1.7\aether-spi-1.7.jar;C:\Users\ПК\.m2\repository\org\sonatype\aether\aether-api\1.7\aether-api-1.7.jar;C:\Users\ПК\.m2\repository\org\sonatype\aether\aether-util\1.7\aether-util-1.7.jar;C:\Users\ПК\.m2\repository\org\sonatype\sisu\sisu-inject-plexus\1.4.2\sisu-inject-plexus-1.4.2.jar;C:\Users\ПК\.m2\repository\org\sonatype\sisu\sisu-inject-bean\1.4.2\sisu-inject-bean-1.4.2.jar;C:\Users\ПК\.m2\repository\org\sonatype\sisu\sisu-guice\2.1.7\sisu-guice-2.1.7-noaop.jar;C:\Users\ПК\.m2\repository\org\codehaus\plexus\plexus-classworlds\2.2.3\plexus-classworlds-2.2.3.jar;C:\Users\ПК\.m2\repository\org\codehaus\plexus\plexus-component-annotations\1.5.5\plexus-component-annotations-1.5.5.jar;C:\Users\ПК\.m2\repository\org\sonatype\plexus\plexus-sec-dispatcher\1.3\plexus-sec-dispatcher-1.3.jar;C:\Users\ПК\.m2\repository\org\sonatype\plexus\plexus-cipher\1.4\plexus-cipher-1.4.jar;C:\Users\ПК\.m2\repository\org\apache\maven\maven-model\3.0\maven-model-3.0.jar;C:\Users\ПК\.m2\repository\org\apache\maven\maven-plugin-api\3.0\maven-plugin-api-3.0.jar;C:\Users\ПК\.m2\repository\org\apache\maven\maven-repository-metadata\3.0\maven-repository-metadata-3.0.jar;C:\Users\ПК\.m2\repository\org\apache\maven\maven-settings\3.0\maven-settings-3.0.jar;C:\Users\ПК\.m2\repository\org\apache\maven\shared\maven-dependency-tree\2.2\maven-dependency-tree-2.2.jar;C:\Users\ПК\.m2\repository\org\eclipse\aether\aether-util\0.9.0.M2\aether-util-0.9.0.M2.jar;C:\Users\ПК\.m2\repository\org\apache\maven\shared\maven-shared-utils\3.3.3\maven-shared-utils-3.3.3.jar;C:\Users\ПК\.m2\repository\org\apache\maven\shared\maven-shared-jar\1.2\maven-shared-jar-1.2.jar;C:\Users\ПК\.m2\repository\org\codehaus\plexus\plexus-digest\1.0\plexus-digest-1.0.jar;C:\Users\ПК\.m2\repository\org\codehaus\plexus\plexus-container-default\1.0-alpha-8\plexus-container-default-1.0-alpha-8.jar;C:\Users\ПК\.m2\repository\junit\junit\3.8.1\junit-3.8.1.jar;C:\Users\ПК\.m2\repository\classworlds\classworlds\1.1-alpha-2\classworlds-1.1-alpha-2.jar;C:\Users\ПК\.m2\repository\commons-collections\commons-collections\3.1\commons-collections-3.1.jar;C:\Users\ПК\.m2\repository\org\apache\bcel\bcel\6.2\bcel-6.2.jar;C:\Users\ПК\.m2\repository\org\apache\maven\shared\maven-common-artifact-filters\3.1.0\maven-common-artifact-filters-3.1.0.jar;C:\Users\ПК\.m2\repository\org\apache\maven\shared\maven-artifact-transfer\0.12.0\maven-artifact-transfer-0.12.0.jar;C:\Users\ПК\.m2\repository\commons-codec\commons-codec\1.11\commons-codec-1.11.jar;C:\Users\ПК\.m2\repository\org\apache\maven\scm\maven-scm-api\1.12.2\maven-scm-api-1.12.2.jar;C:\Users\ПК\.m2\repository\org\apache\maven\scm\maven-scm-manager-plexus\1.12.2\maven-scm-manager-plexus-1.12.2.jar;C:\Users\ПК\.m2\repository\org\apache\maven\scm\maven-scm-provider-hg\1.12.2\maven-scm-provider-hg-1.12.2.jar;C:\Users\ПК\.m2\repository\org\apache\maven\scm\maven-scm-provider-perforce\1.12.2\maven-scm-provider-perforce-1.12.2.jar;C:\Users\ПК\.m2\repository\org\apache\maven\scm\maven-scm-provider-starteam\1.12.2\maven-scm-provider-starteam-1.12.2.jar;C:\Users\ПК\.m2\repository\org\apache\maven\scm\maven-scm-provider-svn-commons\1.12.2\maven-scm-provider-svn-commons-1.12.2.jar;C:\Users\ПК\.m2\repository\org\apache\maven\scm\maven-scm-provider-svnexe\1.12.2\maven-scm-provider-svnexe-1.12.2.jar;C:\Users\ПК\.m2\repository\commons-lang\commons-lang\2.6\commons-lang-2.6.jar;C:\Users\ПК\.m2\repository\org\apache\maven\scm\maven-scm-provider-cvs-commons\1.12.2\maven-scm-provider-cvs-commons-1.12.2.jar;C:\Users\ПК\.m2\repository\org\apache\maven\scm\maven-scm-provider-cvsexe\1.12.2\maven-scm-provider-cvsexe-1.12.2.jar;C:\Users\ПК\.m2\repository\org\apache\maven\scm\maven-scm-provider-cvsjava\1.12.2\maven-scm-provider-cvsjava-1.12.2.jar;C:\Users\ПК\.m2\repository\org\netbeans\lib\cvsclient\20060125\cvsclient-20060125.jar;C:\Users\ПК\.m2\repository\ch\ethz\ganymed\ganymed-ssh2\build210\ganymed-ssh2-build210.jar;C:\Users\ПК\.m2\repository\org\apache\maven\scm\maven-scm-provider-git-commons\1.12.2\maven-scm-provider-git-commons-1.12.2.jar;C:\Users\ПК\.m2\repository\org\apache\maven\scm\maven-scm-provider-gitexe\1.12.2\maven-scm-provider-gitexe-1.12.2.jar;C:\Users\ПК\.m2\repository\org\apache\maven\doxia\doxia-sink-api\1.11.1\doxia-sink-api-1.11.1.jar;C:\Users\ПК\.m2\repository\org\apache\maven\doxia\doxia-logging-api\1.11.1\doxia-logging-api-1.11.1.jar;C:\Users\ПК\.m2\repository\org\apache\maven\doxia\doxia-core\1.11.1\doxia-core-1.11.1.jar;C:\Users\ПК\.m2\repository\org\apache\commons\commons-text\1.3\commons-text-1.3.jar;C:\Users\ПК\.m2\repository\org\apache\httpcomponents\httpclient\4.5.13\httpclient-4.5.13.jar;C:\Users\ПК\.m2\repository\org\apache\httpcomponents\httpcore\4.4.14\httpcore-4.4.14.jar;C:\Users\ПК\.m2\repository\org\apache\maven\doxia\doxia-decoration-model\1.11.1\doxia-decoration-model-1.11.1.jar;C:\Users\ПК\.m2\repository\org\apache\maven\doxia\doxia-site-renderer\1.11.1\doxia-site-renderer-1.11.1.jar;C:\Users\ПК\.m2\repository\org\apache\maven\doxia\doxia-skin-model\1.11.1\doxia-skin-model-1.11.1.jar;C:\Users\ПК\.m2\repository\org\codehaus\plexus\plexus-velocity\1.2\plexus-velocity-1.2.jar;C:\Users\ПК\.m2\repository\org\apache\velocity\velocity\1.7\velocity-1.7.jar;C:\Users\ПК\.m2\repository\org\apache\velocity\velocity-tools\2.0\velocity-tools-2.0.jar;C:\Users\ПК\.m2\repository\commons-chain\commons-chain\1.1\commons-chain-1.1.jar;C:\Users\ПК\.m2\repository\dom4j\dom4j\1.1\dom4j-1.1.jar;C:\Users\ПК\.m2\repository\oro\oro\2.0.8\oro-2.0.8.jar;C:\Users\ПК\.m2\repository\org\apache\maven\doxia\doxia-integration-tools\1.11.1\doxia-integration-tools-1.11.1.jar;C:\Users\ПК\.m2\repository\org\codehaus\plexus\plexus-i18n\1.0-beta-10\plexus-i18n-1.0-beta-10.jar;C:\Users\ПК\.m2\repository\org\codehaus\plexus\plexus-utils\3.3.0\plexus-utils-3.3.0.jar;C:\Users\ПК\.m2\repository\org\codehaus\plexus\plexus-interpolation\1.26\plexus-interpolation-1.26.jar;C:\Users\ПК\.m2\repository\commons-validator\commons-validator\1.7\commons-validator-1.7.jar;C:\Users\ПК\.m2\repository\commons-beanutils\commons-beanutils\1.9.4\commons-beanutils-1.9.4.jar;C:\Users\ПК\.m2\repository\commons-digester\commons-digester\2.1\commons-digester-2.1.jar;C:\Users\ПК\.m2\repository\commons-logging\commons-logging\1.2\commons-logging-1.2.jar;C:\Users\ПК\.m2\repository\commons-io\commons-io\2.6\commons-io-2.6.jar;C:\Users\ПК\.m2\repository\org\springframework\spring-context\5.3.19\spring-context-5.3.19.jar;C:\Users\ПК\.m2\repository\org\springframework\spring-aop\5.3.19\spring-aop-5.3.19.jar;C:\Users\ПК\.m2\repository\org\springframework\spring-beans\5.3.19\spring-beans-5.3.19.jar;C:\Users\ПК\.m2\repository\org\springframework\spring-expression\5.3.19\spring-expression-5.3.19.jar;C:\Users\ПК\.m2\repository\org\springframework\spring-core\5.3.19\spring-core-5.3.19.jar;C:\Users\ПК\.m2\repository\org\springframework\spring-jcl\5.3.19\spring-jcl-5.3.19.jar;C:\Users\ПК\.m2\repository\org\apache\maven\plugins\maven-site-plugin\3.11.0\maven-site-plugin-3.11.0.jar;C:\Users\ПК\.m2\repository\org\apache\maven\reporting\maven-reporting-exec\1.6.0\maven-reporting-exec-1.6.0.jar;C:\Users\ПК\.m2\repository\org\apache\maven\maven-archiver\3.5.2\maven-archiver-3.5.2.jar;C:\Users\ПК\.m2\repository\org\apache\commons\commons-compress\1.20\commons-compress-1.20.jar;C:\Users\ПК\.m2\repository\org\codehaus\plexus\plexus-archiver\4.2.5\plexus-archiver-4.2.5.jar;C:\Users\ПК\.m2\repository\org\codehaus\plexus\plexus-io\3.2.0\plexus-io-3.2.0.jar;C:\Users\ПК\.m2\repository\org\iq80\snappy\snappy\0.4\snappy-0.4.jar;C:\Users\ПК\.m2\repository\org\tukaani\xz\1.9\xz-1.9.jar;C:\Users\ПК\.m2\repository\org\apache\maven\doxia\doxia-module-xhtml\1.11.1\doxia-module-xhtml-1.11.1.jar;C:\Users\ПК\.m2\repository\org\apache\maven\doxia\doxia-module-xhtml5\1.11.1\doxia-module-xhtml5-1.11.1.jar;C:\Users\ПК\.m2\repository\org\apache\maven\doxia\doxia-module-apt\1.11.1\doxia-module-apt-1.11.1.jar;C:\Users\ПК\.m2\repository\org\apache\maven\doxia\doxia-module-xdoc\1.11.1\doxia-module-xdoc-1.11.1.jar;C:\Users\ПК\.m2\repository\org\apache\maven\doxia\doxia-module-fml\1.11.1\doxia-module-fml-1.11.1.jar;C:\Users\ПК\.m2\repository\org\apache\maven\doxia\doxia-module-markdown\1.11.1\doxia-module-markdown-1.11.1.jar;C:\Users\ПК\.m2\repository\com\vladsch\flexmark\flexmark-all\0.42.14\flexmark-all-0.42.14.jar;C:\Users\ПК\.m2\repository\com\vladsch\flexmark\flexmark\0.42.14\flexmark-0.42.14.jar;C:\Users\ПК\.m2\repository\com\vladsch\flexmark\flexmark-ext-abbreviation\0.42.14\flexmark-ext-abbreviation-0.42.14.jar;C:\Users\ПК\.m2\repository\com\vladsch\flexmark\flexmark-ext-admonition\0.42.14\flexmark-ext-admonition-0.42.14.jar;C:\Users\ПК\.m2\repository\com\vladsch\flexmark\flexmark-ext-anchorlink\0.42.14\flexmark-ext-anchorlink-0.42.14.jar;C:\Users\ПК\.m2\repository\com\vladsch\flexmark\flexmark-ext-aside\0.42.14\flexmark-ext-aside-0.42.14.jar;C:\Users\ПК\.m2\repository\com\vladsch\flexmark\flexmark-ext-attributes\0.42.14\flexmark-ext-attributes-0.42.14.jar;C:\Users\ПК\.m2\repository\com\vladsch\flexmark\flexmark-ext-autolink\0.42.14\flexmark-ext-autolink-0.42.14.jar;C:\Users\ПК\.m2\repository\org\nibor\autolink\autolink\0.6.0\autolink-0.6.0.jar;C:\Users\ПК\.m2\repository\com\vladsch\flexmark\flexmark-ext-definition\0.42.14\flexmark-ext-definition-0.42.14.jar;C:\Users\ПК\.m2\repository\com\vladsch\flexmark\flexmark-ext-emoji\0.42.14\flexmark-ext-emoji-0.42.14.jar;C:\Users\ПК\.m2\repository\com\vladsch\flexmark\flexmark-ext-enumerated-reference\0.42.14\flexmark-ext-enumerated-reference-0.42.14.jar;C:\Users\ПК\.m2\repository\com\vladsch\flexmark\flexmark-ext-escaped-character\0.42.14\flexmark-ext-escaped-character-0.42.14.jar;C:\Users\ПК\.m2\repository\com\vladsch\flexmark\flexmark-ext-footnotes\0.42.14\flexmark-ext-footnotes-0.42.14.jar;C:\Users\ПК\.m2\repository\com\vladsch\flexmark\flexmark-ext-gfm-issues\0.42.14\flexmark-ext-gfm-issues-0.42.14.jar;C:\Users\ПК\.m2\repository\com\vladsch\flexmark\flexmark-ext-gfm-strikethrough\0.42.14\flexmark-ext-gfm-strikethrough-0.42.14.jar;C:\Users\ПК\.m2\repository\com\vladsch\flexmark\flexmark-ext-gfm-tables\0.42.14\flexmark-ext-gfm-tables-0.42.14.jar;C:\Users\ПК\.m2\repository\com\vladsch\flexmark\flexmark-ext-gfm-tasklist\0.42.14\flexmark-ext-gfm-tasklist-0.42.14.jar;C:\Users\ПК\.m2\repository\com\vladsch\flexmark\flexmark-ext-gfm-users\0.42.14\flexmark-ext-gfm-users-0.42.14.jar;C:\Users\ПК\.m2\repository\com\vladsch\flexmark\flexmark-ext-gitlab\0.42.14\flexmark-ext-gitlab-0.42.14.jar;C:\Users\ПК\.m2\repository\com\vladsch\flexmark\flexmark-ext-jekyll-front-matter\0.42.14\flexmark-ext-jekyll-front-matter-0.42.14.jar;C:\Users\ПК\.m2\repository\com\vladsch\flexmark\flexmark-ext-jekyll-tag\0.42.14\flexmark-ext-jekyll-tag-0.42.14.jar;C:\Users\ПК\.m2\repository\com\vladsch\flexmark\flexmark-ext-media-tags\0.42.14\flexmark-ext-media-tags-0.42.14.jar;C:\Users\ПК\.m2\repository\com\vladsch\flexmark\flexmark-ext-macros\0.42.14\flexmark-ext-macros-0.42.14.jar;C:\Users\ПК\.m2\repository\com\vladsch\flexmark\flexmark-ext-ins\0.42.14\flexmark-ext-ins-0.42.14.jar;C:\Users\ПК\.m2\repository\com\vladsch\flexmark\flexmark-ext-xwiki-macros\0.42.14\flexmark-ext-xwiki-macros-0.42.14.jar;C:\Users\ПК\.m2\repository\com\vladsch\flexmark\flexmark-ext-superscript\0.42.14\flexmark-ext-superscript-0.42.14.jar;C:\Users\ПК\.m2\repository\com\vladsch\flexmark\flexmark-ext-tables\0.42.14\flexmark-ext-tables-0.42.14.jar;C:\Users\ПК\.m2\repository\com\vladsch\flexmark\flexmark-ext-toc\0.42.14\flexmark-ext-toc-0.42.14.jar;C:\Users\ПК\.m2\repository\com\vladsch\flexmark\flexmark-ext-typographic\0.42.14\flexmark-ext-typographic-0.42.14.jar;C:\Users\ПК\.m2\repository\com\vladsch\flexmark\flexmark-ext-wikilink\0.42.14\flexmark-ext-wikilink-0.42.14.jar;C:\Users\ПК\.m2\repository\com\vladsch\flexmark\flexmark-ext-yaml-front-matter\0.42.14\flexmark-ext-yaml-front-matter-0.42.14.jar;C:\Users\ПК\.m2\repository\com\vladsch\flexmark\flexmark-ext-youtube-embedded\0.42.14\flexmark-ext-youtube-embedded-0.42.14.jar;C:\Users\ПК\.m2\repository\com\vladsch\flexmark\flexmark-formatter\0.42.14\flexmark-formatter-0.42.14.jar;C:\Users\ПК\.m2\repository\com\vladsch\flexmark\flexmark-html-parser\0.42.14\flexmark-html-parser-0.42.14.jar;C:\Users\ПК\.m2\repository\org\jsoup\jsoup\1.10.2\jsoup-1.10.2.jar;C:\Users\ПК\.m2\repository\com\vladsch\flexmark\flexmark-jira-converter\0.42.14\flexmark-jira-converter-0.42.14.jar;C:\Users\ПК\.m2\repository\com\vladsch\flexmark\flexmark-profile-pegdown\0.42.14\flexmark-profile-pegdown-0.42.14.jar;C:\Users\ПК\.m2\repository\com\vladsch\flexmark\flexmark-util\0.42.14\flexmark-util-0.42.14.jar;C:\Users\ПК\.m2\repository\com\vladsch\flexmark\flexmark-youtrack-converter\0.42.14\flexmark-youtrack-converter-0.42.14.jar;C:\Users\ПК\.m2\repository\org\apache\maven\doxia\doxia-module-confluence\1.11.1\doxia-module-confluence-1.11.1.jar;C:\Users\ПК\.m2\repository\org\apache\maven\doxia\doxia-module-docbook-simple\1.11.1\doxia-module-docbook-simple-1.11.1.jar;C:\Users\ПК\.m2\repository\org\apache\maven\doxia\doxia-module-twiki\1.11.1\doxia-module-twiki-1.11.1.jar;C:\Users\ПК\.m2\repository\org\eclipse\jetty\jetty-server\9.2.29.v20191105\jetty-server-9.2.29.v20191105.jar;C:\Users\ПК\.m2\repository\javax\servlet\javax.servlet-api\3.1.0\javax.servlet-api-3.1.0.jar;C:\Users\ПК\.m2\repository\org\eclipse\jetty\jetty-http\9.2.29.v20191105\jetty-http-9.2.29.v20191105.jar;C:\Users\ПК\.m2\repository\org\eclipse\jetty\jetty-io\9.2.29.v20191105\jetty-io-9.2.29.v20191105.jar;C:\Users\ПК\.m2\repository\org\eclipse\jetty\jetty-servlet\9.2.29.v20191105\jetty-servlet-9.2.29.v20191105.jar;C:\Users\ПК\.m2\repository\org\eclipse\jetty\jetty-security\9.2.29.v20191105\jetty-security-9.2.29.v20191105.jar;C:\Users\ПК\.m2\repository\org\eclipse\jetty\jetty-webapp\9.2.29.v20191105\jetty-webapp-9.2.29.v20191105.jar;C:\Users\ПК\.m2\repository\org\eclipse\jetty\jetty-xml\9.2.29.v20191105\jetty-xml-9.2.29.v20191105.jar;C:\Users\ПК\.m2\repository\org\eclipse\jetty\jetty-util\9.2.29.v20191105\jetty-util-9.2.29.v20191105.jar;C:\Users\ПК\.m2\repository\org\apache\commons\commons-lang3\3.8.1\commons-lang3-3.8.1.jar;C:\Users\ПК\.m2\repository\org\junit\jupiter\junit-jupiter-engine\5.8.2\junit-jupiter-engine-5.8.2.jar;C:\Users\ПК\.m2\repository\org\junit\platform\junit-platform-engine\1.8.2\junit-platform-engine-1.8.2.jar;C:\Users\ПК\.m2\repository\org\opentest4j\opentest4j\1.2.0\opentest4j-1.2.0.jar;C:\Users\ПК\.m2\repository\org\junit\platform\junit-platform-commons\1.8.2\junit-platform-commons-1.8.2.jar;C:\Users\ПК\.m2\repository\org\junit\jupiter\junit-jupiter-api\5.8.2\junit-jupiter-api-5.8.2.jar;C:\Users\ПК\.m2\repository\org\apiguardian\apiguardian-api\1.1.2\apiguardian-api-1.1.2.jar;C:\Users\ПК\.m2\repository\org\junit\jupiter\junit-jupiter-params\5.8.2\junit-jupiter-params-5.8.2.jar;C:\Users\ПК\.m2\repository\org\mockito\mockito-core\4.4.0\mockito-core-4.4.0.jar;C:\Users\ПК\.m2\repository\net\bytebuddy\byte-buddy\1.12.8\byte-buddy-1.12.8.jar;C:\Users\ПК\.m2\repository\net\bytebuddy\byte-buddy-agent\1.12.8\byte-buddy-agent-1.12.8.jar;C:\Users\ПК\.m2\repository\org\objenesis\objenesis\3.2\objenesis-3.2.jar;C:\Users\ПК\.m2\repository\org\mockito\mockito-junit-jupiter\4.4.0\mockito-junit-jupiter-4.4.0.jar;"/>
    <property name="java.vm.vendor" value="Oracle Corporation"/>
    <property name="sun.arch.data.model" value="64"/>
    <property name="user.variant" value=""/>
    <property name="java.vendor.url" value="http://java.oracle.com/"/>
    <property name="user.timezone" value="Europe/Minsk"/>
    <property name="user.country.format" value="BY"/>
    <property name="java.vm.specification.version" value="1.8"/>
    <property name="os.name" value="Windows 10"/>
    <property name="user.country" value="US"/>
    <property name="sun.java.launcher" value="SUN_STANDARD"/>
    <property name="sun.boot.library.path" value="C:\Program Files\Java\jdk1.8.0_301\jre\bin"/>
    <property name="sun.java.command" value="C:\Users\90C5~1\AppData\Local\Temp\surefire7721870844633042726\surefirebooter6915658318286333922.jar C:\Users\ПК\AppData\Local\Temp\surefire7721870844633042726 2022-04-21T02-12-13_533-jvmRun1 surefire8312679462198918700tmp surefire_02630081514330736074tmp"/>
    <property name="surefire.test.class.path" value="D:\IdeaProjects\epam-lab\module2\service\target\test-classes;D:\IdeaProjects\epam-lab\module2\service\target\classes;D:\IdeaProjects\epam-lab\module2\repository\target\repository-1.0.0.jar;D:\IdeaProjects\epam-lab\module2\model\target\model-1.0.0.jar;C:\Users\ПК\.m2\repository\org\projectlombok\lombok\1.18.22\lombok-1.18.22.jar;C:\Users\ПК\.m2\repository\com\fasterxml\jackson\core\jackson-annotations\2.10.0.pr3\jackson-annotations-2.10.0.pr3.jar;C:\Users\ПК\.m2\repository\org\springframework\spring-jdbc\5.3.18\spring-jdbc-5.3.18.jar;C:\Users\ПК\.m2\repository\org\springframework\spring-tx\5.3.18\spring-tx-5.3.18.jar;C:\Users\ПК\.m2\repository\mysql\mysql-connector-java\8.0.28\mysql-connector-java-8.0.28.jar;C:\Users\ПК\.m2\repository\com\google\protobuf\protobuf-java\3.11.4\protobuf-java-3.11.4.jar;C:\Users\ПК\.m2\repository\com\zaxxer\HikariCP\4.0.3\HikariCP-4.0.3.jar;C:\Users\ПК\.m2\repository\org\slf4j\slf4j-api\1.7.30\slf4j-api-1.7.30.jar;C:\Users\ПК\.m2\repository\org\apache\maven\plugins\maven-project-info-reports-plugin\3.2.2\maven-project-info-reports-plugin-3.2.2.jar;C:\Users\ПК\.m2\repository\org\apache\maven\reporting\maven-reporting-api\3.1.0\maven-reporting-api-3.1.0.jar;C:\Users\ПК\.m2\repository\org\apache\maven\reporting\maven-reporting-impl\3.1.0\maven-reporting-impl-3.1.0.jar;C:\Users\ПК\.m2\repository\org\apache\maven\maven-artifact\3.0\maven-artifact-3.0.jar;C:\Users\ПК\.m2\repository\org\apache\maven\maven-core\3.0\maven-core-3.0.jar;C:\Users\ПК\.m2\repository\org\apache\maven\maven-settings-builder\3.0\maven-settings-builder-3.0.jar;C:\Users\ПК\.m2\repository\org\apache\maven\maven-model-builder\3.0\maven-model-builder-3.0.jar;C:\Users\ПК\.m2\repository\org\apache\maven\maven-aether-provider\3.0\maven-aether-provider-3.0.jar;C:\Users\ПК\.m2\repository\org\sonatype\aether\aether-impl\1.7\aether-impl-1.7.jar;C:\Users\ПК\.m2\repository\org\sonatype\aether\aether-spi\1.7\aether-spi-1.7.jar;C:\Users\ПК\.m2\repository\org\sonatype\aether\aether-api\1.7\aether-api-1.7.jar;C:\Users\ПК\.m2\repository\org\sonatype\aether\aether-util\1.7\aether-util-1.7.jar;C:\Users\ПК\.m2\repository\org\sonatype\sisu\sisu-inject-plexus\1.4.2\sisu-inject-plexus-1.4.2.jar;C:\Users\ПК\.m2\repository\org\sonatype\sisu\sisu-inject-bean\1.4.2\sisu-inject-bean-1.4.2.jar;C:\Users\ПК\.m2\repository\org\sonatype\sisu\sisu-guice\2.1.7\sisu-guice-2.1.7-noaop.jar;C:\Users\ПК\.m2\repository\org\codehaus\plexus\plexus-classworlds\2.2.3\plexus-classworlds-2.2.3.jar;C:\Users\ПК\.m2\repository\org\codehaus\plexus\plexus-component-annotations\1.5.5\plexus-component-annotations-1.5.5.jar;C:\Users\ПК\.m2\repository\org\sonatype\plexus\plexus-sec-dispatcher\1.3\plexus-sec-dispatcher-1.3.jar;C:\Users\ПК\.m2\repository\org\sonatype\plexus\plexus-cipher\1.4\plexus-cipher-1.4.jar;C:\Users\ПК\.m2\repository\org\apache\maven\maven-model\3.0\maven-model-3.0.jar;C:\Users\ПК\.m2\repository\org\apache\maven\maven-plugin-api\3.0\maven-plugin-api-3.0.jar;C:\Users\ПК\.m2\repository\org\apache\maven\maven-repository-metadata\3.0\maven-repository-metadata-3.0.jar;C:\Users\ПК\.m2\repository\org\apache\maven\maven-settings\3.0\maven-settings-3.0.jar;C:\Users\ПК\.m2\repository\org\apache\maven\shared\maven-dependency-tree\2.2\maven-dependency-tree-2.2.jar;C:\Users\ПК\.m2\repository\org\eclipse\aether\aether-util\0.9.0.M2\aether-util-0.9.0.M2.jar;C:\Users\ПК\.m2\repository\org\apache\maven\shared\maven-shared-utils\3.3.3\maven-shared-utils-3.3.3.jar;C:\Users\ПК\.m2\repository\org\apache\maven\shared\maven-shared-jar\1.2\maven-shared-jar-1.2.jar;C:\Users\ПК\.m2\repository\org\codehaus\plexus\plexus-digest\1.0\plexus-digest-1.0.jar;C:\Users\ПК\.m2\repository\org\codehaus\plexus\plexus-container-default\1.0-alpha-8\plexus-container-default-1.0-alpha-8.jar;C:\Users\ПК\.m2\repository\junit\junit\3.8.1\junit-3.8.1.jar;C:\Users\ПК\.m2\repository\classworlds\classworlds\1.1-alpha-2\classworlds-1.1-alpha-2.jar;C:\Users\ПК\.m2\repository\commons-collections\commons-collections\3.1\commons-collections-3.1.jar;C:\Users\ПК\.m2\repository\org\apache\bcel\bcel\6.2\bcel-6.2.jar;C:\Users\ПК\.m2\repository\org\apache\maven\shared\maven-common-artifact-filters\3.1.0\maven-common-artifact-filters-3.1.0.jar;C:\Users\ПК\.m2\repository\org\apache\maven\shared\maven-artifact-transfer\0.12.0\maven-artifact-transfer-0.12.0.jar;C:\Users\ПК\.m2\repository\commons-codec\commons-codec\1.11\commons-codec-1.11.jar;C:\Users\ПК\.m2\repository\org\apache\maven\scm\maven-scm-api\1.12.2\maven-scm-api-1.12.2.jar;C:\Users\ПК\.m2\repository\org\apache\maven\scm\maven-scm-manager-plexus\1.12.2\maven-scm-manager-plexus-1.12.2.jar;C:\Users\ПК\.m2\repository\org\apache\maven\scm\maven-scm-provider-hg\1.12.2\maven-scm-provider-hg-1.12.2.jar;C:\Users\ПК\.m2\repository\org\apache\maven\scm\maven-scm-provider-perforce\1.12.2\maven-scm-provider-perforce-1.12.2.jar;C:\Users\ПК\.m2\repository\org\apache\maven\scm\maven-scm-provider-starteam\1.12.2\maven-scm-provider-starteam-1.12.2.jar;C:\Users\ПК\.m2\repository\org\apache\maven\scm\maven-scm-provider-svn-commons\1.12.2\maven-scm-provider-svn-commons-1.12.2.jar;C:\Users\ПК\.m2\repository\org\apache\maven\scm\maven-scm-provider-svnexe\1.12.2\maven-scm-provider-svnexe-1.12.2.jar;C:\Users\ПК\.m2\repository\commons-lang\commons-lang\2.6\commons-lang-2.6.jar;C:\Users\ПК\.m2\repository\org\apache\maven\scm\maven-scm-provider-cvs-commons\1.12.2\maven-scm-provider-cvs-commons-1.12.2.jar;C:\Users\ПК\.m2\repository\org\apache\maven\scm\maven-scm-provider-cvsexe\1.12.2\maven-scm-provider-cvsexe-1.12.2.jar;C:\Users\ПК\.m2\repository\org\apache\maven\scm\maven-scm-provider-cvsjava\1.12.2\maven-scm-provider-cvsjava-1.12.2.jar;C:\Users\ПК\.m2\repository\org\netbeans\lib\cvsclient\20060125\cvsclient-20060125.jar;C:\Users\ПК\.m2\repository\ch\ethz\ganymed\ganymed-ssh2\build210\ganymed-ssh2-build210.jar;C:\Users\ПК\.m2\repository\org\apache\maven\scm\maven-scm-provider-git-commons\1.12.2\maven-scm-provider-git-commons-1.12.2.jar;C:\Users\ПК\.m2\repository\org\apache\maven\scm\maven-scm-provider-gitexe\1.12.2\maven-scm-provider-gitexe-1.12.2.jar;C:\Users\ПК\.m2\repository\org\apache\maven\doxia\doxia-sink-api\1.11.1\doxia-sink-api-1.11.1.jar;C:\Users\ПК\.m2\repository\org\apache\maven\doxia\doxia-logging-api\1.11.1\doxia-logging-api-1.11.1.jar;C:\Users\ПК\.m2\repository\org\apache\maven\doxia\doxia-core\1.11.1\doxia-core-1.11.1.jar;C:\Users\ПК\.m2\repository\org\apache\commons\commons-text\1.3\commons-text-1.3.jar;C:\Users\ПК\.m2\repository\org\apache\httpcomponents\httpclient\4.5.13\httpclient-4.5.13.jar;C:\Users\ПК\.m2\repository\org\apache\httpcomponents\httpcore\4.4.14\httpcore-4.4.14.jar;C:\Users\ПК\.m2\repository\org\apache\maven\doxia\doxia-decoration-model\1.11.1\doxia-decoration-model-1.11.1.jar;C:\Users\ПК\.m2\repository\org\apache\maven\doxia\doxia-site-renderer\1.11.1\doxia-site-renderer-1.11.1.jar;C:\Users\ПК\.m2\repository\org\apache\maven\doxia\doxia-skin-model\1.11.1\doxia-skin-model-1.11.1.jar;C:\Users\ПК\.m2\repository\org\codehaus\plexus\plexus-velocity\1.2\plexus-velocity-1.2.jar;C:\Users\ПК\.m2\repository\org\apache\velocity\velocity\1.7\velocity-1.7.jar;C:\Users\ПК\.m2\repository\org\apache\velocity\velocity-tools\2.0\velocity-tools-2.0.jar;C:\Users\ПК\.m2\repository\commons-chain\commons-chain\1.1\commons-chain-1.1.jar;C:\Users\ПК\.m2\repository\dom4j\dom4j\1.1\dom4j-1.1.jar;C:\Users\ПК\.m2\repository\oro\oro\2.0.8\oro-2.0.8.jar;C:\Users\ПК\.m2\repository\org\apache\maven\doxia\doxia-integration-tools\1.11.1\doxia-integration-tools-1.11.1.jar;C:\Users\ПК\.m2\repository\org\codehaus\plexus\plexus-i18n\1.0-beta-10\plexus-i18n-1.0-beta-10.jar;C:\Users\ПК\.m2\repository\org\codehaus\plexus\plexus-utils\3.3.0\plexus-utils-3.3.0.jar;C:\Users\ПК\.m2\repository\org\codehaus\plexus\plexus-interpolation\1.26\plexus-interpolation-1.26.jar;C:\Users\ПК\.m2\repository\commons-validator\commons-validator\1.7\commons-validator-1.7.jar;C:\Users\ПК\.m2\repository\commons-beanutils\commons-beanutils\1.9.4\commons-beanutils-1.9.4.jar;C:\Users\ПК\.m2\repository\commons-digester\commons-digester\2.1\commons-digester-2.1.jar;C:\Users\ПК\.m2\repository\commons-logging\commons-logging\1.2\commons-logging-1.2.jar;C:\Users\ПК\.m2\repository\commons-io\commons-io\2.6\commons-io-2.6.jar;C:\Users\ПК\.m2\repository\org\springframework\spring-context\5.3.19\spring-context-5.3.19.jar;C:\Users\ПК\.m2\repository\org\springframework\spring-aop\5.3.19\spring-aop-5.3.19.jar;C:\Users\ПК\.m2\repository\org\springframework\spring-beans\5.3.19\spring-beans-5.3.19.jar;C:\Users\ПК\.m2\repository\org\springframework\spring-expression\5.3.19\spring-expression-5.3.19.jar;C:\Users\ПК\.m2\repository\org\springframework\spring-core\5.3.19\spring-core-5.3.19.jar;C:\Users\ПК\.m2\repository\org\springframework\spring-jcl\5.3.19\spring-jcl-5.3.19.jar;C:\Users\ПК\.m2\repository\org\apache\maven\plugins\maven-site-plugin\3.11.0\maven-site-plugin-3.11.0.jar;C:\Users\ПК\.m2\repository\org\apache\maven\reporting\maven-reporting-exec\1.6.0\maven-reporting-exec-1.6.0.jar;C:\Users\ПК\.m2\repository\org\apache\maven\maven-archiver\3.5.2\maven-archiver-3.5.2.jar;C:\Users\ПК\.m2\repository\org\apache\commons\commons-compress\1.20\commons-compress-1.20.jar;C:\Users\ПК\.m2\repository\org\codehaus\plexus\plexus-archiver\4.2.5\plexus-archiver-4.2.5.jar;C:\Users\ПК\.m2\repository\org\codehaus\plexus\plexus-io\3.2.0\plexus-io-3.2.0.jar;C:\Users\ПК\.m2\repository\org\iq80\snappy\snappy\0.4\snappy-0.4.jar;C:\Users\ПК\.m2\repository\org\tukaani\xz\1.9\xz-1.9.jar;C:\Users\ПК\.m2\repository\org\apache\maven\doxia\doxia-module-xhtml\1.11.1\doxia-module-xhtml-1.11.1.jar;C:\Users\ПК\.m2\repository\org\apache\maven\doxia\doxia-module-xhtml5\1.11.1\doxia-module-xhtml5-1.11.1.jar;C:\Users\ПК\.m2\repository\org\apache\maven\doxia\doxia-module-apt\1.11.1\doxia-module-apt-1.11.1.jar;C:\Users\ПК\.m2\repository\org\apache\maven\doxia\doxia-module-xdoc\1.11.1\doxia-module-xdoc-1.11.1.jar;C:\Users\ПК\.m2\repository\org\apache\maven\doxia\doxia-module-fml\1.11.1\doxia-module-fml-1.11.1.jar;C:\Users\ПК\.m2\repository\org\apache\maven\doxia\doxia-module-markdown\1.11.1\doxia-module-markdown-1.11.1.jar;C:\Users\ПК\.m2\repository\com\vladsch\flexmark\flexmark-all\0.42.14\flexmark-all-0.42.14.jar;C:\Users\ПК\.m2\repository\com\vladsch\flexmark\flexmark\0.42.14\flexmark-0.42.14.jar;C:\Users\ПК\.m2\repository\com\vladsch\flexmark\flexmark-ext-abbreviation\0.42.14\flexmark-ext-abbreviation-0.42.14.jar;C:\Users\ПК\.m2\repository\com\vladsch\flexmark\flexmark-ext-admonition\0.42.14\flexmark-ext-admonition-0.42.14.jar;C:\Users\ПК\.m2\repository\com\vladsch\flexmark\flexmark-ext-anchorlink\0.42.14\flexmark-ext-anchorlink-0.42.14.jar;C:\Users\ПК\.m2\repository\com\vladsch\flexmark\flexmark-ext-aside\0.42.14\flexmark-ext-aside-0.42.14.jar;C:\Users\ПК\.m2\repository\com\vladsch\flexmark\flexmark-ext-attributes\0.42.14\flexmark-ext-attributes-0.42.14.jar;C:\Users\ПК\.m2\repository\com\vladsch\flexmark\flexmark-ext-autolink\0.42.14\flexmark-ext-autolink-0.42.14.jar;C:\Users\ПК\.m2\repository\org\nibor\autolink\autolink\0.6.0\autolink-0.6.0.jar;C:\Users\ПК\.m2\repository\com\vladsch\flexmark\flexmark-ext-definition\0.42.14\flexmark-ext-definition-0.42.14.jar;C:\Users\ПК\.m2\repository\com\vladsch\flexmark\flexmark-ext-emoji\0.42.14\flexmark-ext-emoji-0.42.14.jar;C:\Users\ПК\.m2\repository\com\vladsch\flexmark\flexmark-ext-enumerated-reference\0.42.14\flexmark-ext-enumerated-reference-0.42.14.jar;C:\Users\ПК\.m2\repository\com\vladsch\flexmark\flexmark-ext-escaped-character\0.42.14\flexmark-ext-escaped-character-0.42.14.jar;C:\Users\ПК\.m2\repository\com\vladsch\flexmark\flexmark-ext-footnotes\0.42.14\flexmark-ext-footnotes-0.42.14.jar;C:\Users\ПК\.m2\repository\com\vladsch\flexmark\flexmark-ext-gfm-issues\0.42.14\flexmark-ext-gfm-issues-0.42.14.jar;C:\Users\ПК\.m2\repository\com\vladsch\flexmark\flexmark-ext-gfm-strikethrough\0.42.14\flexmark-ext-gfm-strikethrough-0.42.14.jar;C:\Users\ПК\.m2\repository\com\vladsch\flexmark\flexmark-ext-gfm-tables\0.42.14\flexmark-ext-gfm-tables-0.42.14.jar;C:\Users\ПК\.m2\repository\com\vladsch\flexmark\flexmark-ext-gfm-tasklist\0.42.14\flexmark-ext-gfm-tasklist-0.42.14.jar;C:\Users\ПК\.m2\repository\com\vladsch\flexmark\flexmark-ext-gfm-users\0.42.14\flexmark-ext-gfm-users-0.42.14.jar;C:\Users\ПК\.m2\repository\com\vladsch\flexmark\flexmark-ext-gitlab\0.42.14\flexmark-ext-gitlab-0.42.14.jar;C:\Users\ПК\.m2\repository\com\vladsch\flexmark\flexmark-ext-jekyll-front-matter\0.42.14\flexmark-ext-jekyll-front-matter-0.42.14.jar;C:\Users\ПК\.m2\repository\com\vladsch\flexmark\flexmark-ext-jekyll-tag\0.42.14\flexmark-ext-jekyll-tag-0.42.14.jar;C:\Users\ПК\.m2\repository\com\vladsch\flexmark\flexmark-ext-media-tags\0.42.14\flexmark-ext-media-tags-0.42.14.jar;C:\Users\ПК\.m2\repository\com\vladsch\flexmark\flexmark-ext-macros\0.42.14\flexmark-ext-macros-0.42.14.jar;C:\Users\ПК\.m2\repository\com\vladsch\flexmark\flexmark-ext-ins\0.42.14\flexmark-ext-ins-0.42.14.jar;C:\Users\ПК\.m2\repository\com\vladsch\flexmark\flexmark-ext-xwiki-macros\0.42.14\flexmark-ext-xwiki-macros-0.42.14.jar;C:\Users\ПК\.m2\repository\com\vladsch\flexmark\flexmark-ext-superscript\0.42.14\flexmark-ext-superscript-0.42.14.jar;C:\Users\ПК\.m2\repository\com\vladsch\flexmark\flexmark-ext-tables\0.42.14\flexmark-ext-tables-0.42.14.jar;C:\Users\ПК\.m2\repository\com\vladsch\flexmark\flexmark-ext-toc\0.42.14\flexmark-ext-toc-0.42.14.jar;C:\Users\ПК\.m2\repository\com\vladsch\flexmark\flexmark-ext-typographic\0.42.14\flexmark-ext-typographic-0.42.14.jar;C:\Users\ПК\.m2\repository\com\vladsch\flexmark\flexmark-ext-wikilink\0.42.14\flexmark-ext-wikilink-0.42.14.jar;C:\Users\ПК\.m2\repository\com\vladsch\flexmark\flexmark-ext-yaml-front-matter\0.42.14\flexmark-ext-yaml-front-matter-0.42.14.jar;C:\Users\ПК\.m2\repository\com\vladsch\flexmark\flexmark-ext-youtube-embedded\0.42.14\flexmark-ext-youtube-embedded-0.42.14.jar;C:\Users\ПК\.m2\repository\com\vladsch\flexmark\flexmark-formatter\0.42.14\flexmark-formatter-0.42.14.jar;C:\Users\ПК\.m2\repository\com\vladsch\flexmark\flexmark-html-parser\0.42.14\flexmark-html-parser-0.42.14.jar;C:\Users\ПК\.m2\repository\org\jsoup\jsoup\1.10.2\jsoup-1.10.2.jar;C:\Users\ПК\.m2\repository\com\vladsch\flexmark\flexmark-jira-converter\0.42.14\flexmark-jira-converter-0.42.14.jar;C:\Users\ПК\.m2\repository\com\vladsch\flexmark\flexmark-profile-pegdown\0.42.14\flexmark-profile-pegdown-0.42.14.jar;C:\Users\ПК\.m2\repository\com\vladsch\flexmark\flexmark-util\0.42.14\flexmark-util-0.42.14.jar;C:\Users\ПК\.m2\repository\com\vladsch\flexmark\flexmark-youtrack-converter\0.42.14\flexmark-youtrack-converter-0.42.14.jar;C:\Users\ПК\.m2\repository\org\apache\maven\doxia\doxia-module-confluence\1.11.1\doxia-module-confluence-1.11.1.jar;C:\Users\ПК\.m2\repository\org\apache\maven\doxia\doxia-module-docbook-simple\1.11.1\doxia-module-docbook-simple-1.11.1.jar;C:\Users\ПК\.m2\repository\org\apache\maven\doxia\doxia-module-twiki\1.11.1\doxia-module-twiki-1.11.1.jar;C:\Users\ПК\.m2\repository\org\eclipse\jetty\jetty-server\9.2.29.v20191105\jetty-server-9.2.29.v20191105.jar;C:\Users\ПК\.m2\repository\javax\servlet\javax.servlet-api\3.1.0\javax.servlet-api-3.1.0.jar;C:\Users\ПК\.m2\repository\org\eclipse\jetty\jetty-http\9.2.29.v20191105\jetty-http-9.2.29.v20191105.jar;C:\Users\ПК\.m2\repository\org\eclipse\jetty\jetty-io\9.2.29.v20191105\jetty-io-9.2.29.v20191105.jar;C:\Users\ПК\.m2\repository\org\eclipse\jetty\jetty-servlet\9.2.29.v20191105\jetty-servlet-9.2.29.v20191105.jar;C:\Users\ПК\.m2\repository\org\eclipse\jetty\jetty-security\9.2.29.v20191105\jetty-security-9.2.29.v20191105.jar;C:\Users\ПК\.m2\repository\org\eclipse\jetty\jetty-webapp\9.2.29.v20191105\jetty-webapp-9.2.29.v20191105.jar;C:\Users\ПК\.m2\repository\org\eclipse\jetty\jetty-xml\9.2.29.v20191105\jetty-xml-9.2.29.v20191105.jar;C:\Users\ПК\.m2\repository\org\eclipse\jetty\jetty-util\9.2.29.v20191105\jetty-util-9.2.29.v20191105.jar;C:\Users\ПК\.m2\repository\org\apache\commons\commons-lang3\3.8.1\commons-lang3-3.8.1.jar;C:\Users\ПК\.m2\repository\org\junit\jupiter\junit-jupiter-engine\5.8.2\junit-jupiter-engine-5.8.2.jar;C:\Users\ПК\.m2\repository\org\junit\platform\junit-platform-engine\1.8.2\junit-platform-engine-1.8.2.jar;C:\Users\ПК\.m2\repository\org\opentest4j\opentest4j\1.2.0\opentest4j-1.2.0.jar;C:\Users\ПК\.m2\repository\org\junit\platform\junit-platform-commons\1.8.2\junit-platform-commons-1.8.2.jar;C:\Users\ПК\.m2\repository\org\junit\jupiter\junit-jupiter-api\5.8.2\junit-jupiter-api-5.8.2.jar;C:\Users\ПК\.m2\repository\org\apiguardian\apiguardian-api\1.1.2\apiguardian-api-1.1.2.jar;C:\Users\ПК\.m2\repository\org\junit\jupiter\junit-jupiter-params\5.8.2\junit-jupiter-params-5.8.2.jar;C:\Users\ПК\.m2\repository\org\mockito\mockito-core\4.4.0\mockito-core-4.4.0.jar;C:\Users\ПК\.m2\repository\net\bytebuddy\byte-buddy\1.12.8\byte-buddy-1.12.8.jar;C:\Users\ПК\.m2\repository\net\bytebuddy\byte-buddy-agent\1.12.8\byte-buddy-agent-1.12.8.jar;C:\Users\ПК\.m2\repository\org\objenesis\objenesis\3.2\objenesis-3.2.jar;C:\Users\ПК\.m2\repository\org\mockito\mockito-junit-jupiter\4.4.0\mockito-junit-jupiter-4.4.0.jar;"/>
    <property name="sun.cpu.endian" value="little"/>
    <property name="user.home" value="C:\Users\ПК"/>
    <property name="user.language" value="en"/>
    <property name="java.specification.vendor" value="Oracle Corporation"/>
    <property name="java.home" value="C:\Program Files\Java\jdk1.8.0_301\jre"/>
    <property name="basedir" value="D:\IdeaProjects\epam-lab\module2\service"/>
    <property name="file.separator" value="\"/>
    <property name="line.separator" value="&#10;"/>
    <property name="java.vm.specification.vendor" value="Oracle Corporation"/>
    <property name="java.specification.name" value="Java Platform API Specification"/>
    <property name="java.awt.graphicsenv" value="sun.awt.Win32GraphicsEnvironment"/>
    <property name="surefire.real.class.path" value="C:\Users\90C5~1\AppData\Local\Temp\surefire7721870844633042726\surefirebooter6915658318286333922.jar;C:\\Users\\ПК\\.m2\\repository\\org\\jacoco\\org.jacoco.agent\\0.8.8\\org.jacoco.agent-0.8.8-runtime.jar"/>
    <property name="sun.boot.class.path" value="C:\Program Files\Java\jdk1.8.0_301\jre\lib\resources.jar;C:\Program Files\Java\jdk1.8.0_301\jre\lib\rt.jar;C:\Program Files\Java\jdk1.8.0_301\jre\lib\sunrsasign.jar;C:\Program Files\Java\jdk1.8.0_301\jre\lib\jsse.jar;C:\Program Files\Java\jdk1.8.0_301\jre\lib\jce.jar;C:\Program Files\Java\jdk1.8.0_301\jre\lib\charsets.jar;C:\Program Files\Java\jdk1.8.0_301\jre\lib\jfr.jar;C:\Program Files\Java\jdk1.8.0_301\jre\classes"/>
    <property name="user.script" value=""/>
    <property name="sun.management.compiler" value="HotSpot 64-Bit Tiered Compilers"/>
    <property name="java.runtime.version" value="1.8.0_301-b09"/>
    <property name="user.name" value="PC"/>
    <property name="path.separator" value=";"/>
    <property name="os.version" value="10.0"/>
    <property name="java.endorsed.dirs" value="C:\Program Files\Java\jdk1.8.0_301\jre\lib\endorsed"/>
    <property name="java.runtime.name" value="Java(TM) SE Runtime Environment"/>
    <property name="file.encoding" value="Cp1251"/>
    <property name="java.vm.name" value="Java HotSpot(TM) 64-Bit Server VM"/>
    <property name="idea.version2020.1" value="true"/>
    <property name="localRepository" value="C:\Users\ПК\.m2\repository"/>
    <property name="java.vendor.url.bug" value="http://bugreport.sun.com/bugreport/"/>
    <property name="java.io.tmpdir" value="C:\Users\90C5~1\AppData\Local\Temp\"/>
    <property name="java.version" value="1.8.0_301"/>
    <property name="user.dir" value="D:\IdeaProjects\epam-lab\module2\service"/>
    <property name="os.arch" value="amd64"/>
    <property name="java.vm.specification.name" value="Java Virtual Machine Specification"/>
    <property name="java.awt.printerjob" value="sun.awt.windows.WPrinterJob"/>
    <property name="user.language.format" value="ru"/>
    <property name="sun.os.patch.level" value=""/>
    <property name="java.library.path" value="C:\Program Files\Java\jdk1.8.0_301\jre\bin;C:\Windows\Sun\Java\bin;C:\Windows\system32;C:\Windows;C:\Program Files (x86)\Common Files\Oracle\Java\javapath;C:\Windows\system32;C:\Windows;C:\Windows\System32\Wbem;C:\Windows\System32\WindowsPowerShell\v1.0\;C:\Windows\System32\OpenSSH\;C:\Program Files (x86)\NVIDIA Corporation\PhysX\Common;C:\Program Files\Java\jdk1.8.0_301\bin;C:\Program Files\Maven\apache-maven-3.8.1\bin;C:\Program Files\Gradle\gradle-7.4.1\bin;C:\Program Files\Git\cmd;C:\Program Files\MySQL\MySQL Shell 8.0\bin\;C:\Users\ПК\AppData\Local\Microsoft\WindowsApps;;."/>
    <property name="java.vm.info" value="mixed mode"/>
    <property name="java.vendor" value="Oracle Corporation"/>
    <property name="java.vm.version" value="25.301-b09"/>
    <property name="java.ext.dirs" value="C:\Program Files\Java\jdk1.8.0_301\jre\lib\ext;C:\Windows\Sun\Java\lib\ext"/>
    <property name="sun.io.unicode.encoding" value="UnicodeLittle"/>
    <property name="java.class.version" value="52.0"/>
  </properties>
  <testcase name="isNameValidPositive" classname="com.epam.esm.service.validator.impl.TagValidatorImplTest" time="0"/>
  <testcase name="isNameNull" classname="com.epam.esm.service.validator.impl.TagValidatorImplTest" time="0"/>
  <testcase name="isNameValidNegative" classname="com.epam.esm.service.validator.impl.TagValidatorImplTest" time="0"/>
</testsuite>