<?xml version="1.0" encoding="UTF-8"?>
<testsuite name="com.epam.lab.lapitski.util.UtilsTest" tests="2" skipped="0" failures="0" errors="0" timestamp="2022-03-31T10:47:07" hostname="YURY" time="0.075">
  <properties/>
  <testcase name="isAllPositiveNumbersPositive()" classname="com.epam.lab.lapitski.util.UtilsTest" time="0.071"/>
  <testcase name="isAllPositiveNumbersNegative()" classname="com.epam.lab.lapitski.util.UtilsTest" time="0.003"/>
  <system-out><![CDATA[]]></system-out>
  <system-err><![CDATA[]]></system-err>
</testsuite>
